<?xml version="1.0" encoding="UTF-8"?>
<coverage generated="1724106521171" clover="3.2.0">
  <project timestamp="1724106521172" name="All files">
    <metrics statements="98" coveredstatements="73" conditionals="56" coveredconditionals="34" methods="31" coveredmethods="24" elements="185" coveredelements="131" complexity="0" loc="98" ncloc="98" packages="1" files="2" classes="2"/>
    <file name="floorplan.ts" path="X:\Desktop\NavigationApp\scripts\map_editor\floorplan.ts">
      <metrics statements="43" coveredstatements="23" conditionals="20" coveredconditionals="7" methods="13" coveredmethods="8"/>
      <line num="4" count="1" type="stmt"/>
      <line num="7" count="4" type="stmt"/>
      <line num="8" count="4" type="stmt"/>
      <line num="9" count="4" type="stmt"/>
      <line num="10" count="4" type="stmt"/>
      <line num="13" count="4" type="stmt"/>
      <line num="14" count="4" type="cond" truecount="1" falsecount="1"/>
      <line num="15" count="0" type="stmt"/>
      <line num="18" count="4" type="stmt"/>
      <line num="23" count="8" type="stmt"/>
      <line num="27" count="1" type="stmt"/>
      <line num="31" count="28" type="stmt"/>
      <line num="32" count="28" type="stmt"/>
      <line num="40" count="28" type="stmt"/>
      <line num="41" count="28" type="cond" truecount="1" falsecount="1"/>
      <line num="42" count="0" type="stmt"/>
      <line num="47" count="32" type="cond" truecount="1" falsecount="1"/>
      <line num="48" count="0" type="stmt"/>
      <line num="53" count="1" type="cond" truecount="1" falsecount="1"/>
      <line num="54" count="0" type="stmt"/>
      <line num="56" count="1" type="stmt"/>
      <line num="60" count="2" type="cond" truecount="1" falsecount="1"/>
      <line num="61" count="0" type="stmt"/>
      <line num="66" count="28" type="stmt"/>
      <line num="67" count="28" type="stmt"/>
      <line num="68" count="0" type="stmt"/>
      <line num="70" count="28" type="stmt"/>
      <line num="74" count="0" type="stmt"/>
      <line num="75" count="0" type="cond" truecount="0" falsecount="2"/>
      <line num="76" count="0" type="stmt"/>
      <line num="80" count="0" type="stmt"/>
      <line num="81" count="0" type="cond" truecount="0" falsecount="2"/>
      <line num="82" count="0" type="stmt"/>
      <line num="86" count="0" type="stmt"/>
      <line num="87" count="0" type="cond" truecount="0" falsecount="2"/>
      <line num="88" count="0" type="stmt"/>
      <line num="92" count="14" type="stmt"/>
      <line num="96" count="0" type="stmt"/>
      <line num="105" count="0" type="stmt"/>
      <line num="106" count="0" type="stmt"/>
      <line num="107" count="0" type="stmt"/>
      <line num="108" count="0" type="stmt"/>
      <line num="112" count="1" type="stmt"/>
    </file>
    <file name="graph.js" path="X:\Desktop\NavigationApp\scripts\map_editor\graph.js">
      <metrics statements="55" coveredstatements="50" conditionals="36" coveredconditionals="27" methods="18" coveredmethods="16"/>
      <line num="6" count="14" type="cond" truecount="1" falsecount="1"/>
      <line num="7" count="0" type="stmt"/>
      <line num="10" count="14" type="stmt"/>
      <line num="11" count="14" type="stmt"/>
      <line num="17" count="31" type="stmt"/>
      <line num="21" count="93" type="cond" truecount="1" falsecount="1"/>
      <line num="22" count="93" type="stmt"/>
      <line num="23" count="93" type="stmt"/>
      <line num="27" count="104" type="cond" truecount="3" falsecount="1"/>
      <line num="28" count="104" type="stmt"/>
      <line num="29" count="104" type="cond" truecount="1" falsecount="1"/>
      <line num="30" count="104" type="stmt"/>
      <line num="31" count="104" type="stmt"/>
      <line num="35" count="16" type="stmt"/>
      <line num="36" count="8" type="cond" truecount="1" falsecount="1"/>
      <line num="37" count="24" type="stmt"/>
      <line num="38" count="8" type="stmt"/>
      <line num="42" count="2" type="cond" truecount="1" falsecount="1"/>
      <line num="43" count="2" type="cond" truecount="1" falsecount="1"/>
      <line num="44" count="2" type="stmt"/>
      <line num="45" count="4" type="stmt"/>
      <line num="48" count="2" type="stmt"/>
      <line num="49" count="2" type="stmt"/>
      <line num="53" count="318" type="stmt"/>
      <line num="57" count="30" type="stmt"/>
      <line num="61" count="3" type="cond" truecount="3" falsecount="1"/>
      <line num="62" count="3" type="stmt"/>
      <line num="63" count="3" type="stmt"/>
      <line num="64" count="3" type="stmt"/>
      <line num="65" count="3" type="stmt"/>
      <line num="66" count="3" type="stmt"/>
      <line num="67" count="14" type="stmt"/>
      <line num="68" count="14" type="stmt"/>
      <line num="69" count="14" type="cond" truecount="2" falsecount="0"/>
      <line num="70" count="12" type="stmt"/>
      <line num="71" count="31" type="cond" truecount="2" falsecount="0"/>
      <line num="72" count="14" type="stmt"/>
      <line num="73" count="14" type="stmt"/>
      <line num="74" count="14" type="stmt"/>
      <line num="75" count="14" type="stmt"/>
      <line num="79" count="1" type="stmt"/>
      <line num="83" count="3" type="cond" truecount="3" falsecount="1"/>
      <line num="84" count="3" type="stmt"/>
      <line num="85" count="3" type="stmt"/>
      <line num="87" count="15" type="cond" truecount="2" falsecount="0"/>
      <line num="88" count="13" type="stmt"/>
      <line num="89" count="13" type="stmt"/>
      <line num="90" count="28" type="cond" truecount="4" falsecount="0"/>
      <line num="92" count="6" type="stmt"/>
      <line num="94" count="3" type="stmt"/>
      <line num="98" count="0" type="stmt"/>
      <line num="102" count="0" type="stmt"/>
      <line num="103" count="0" type="stmt"/>
      <line num="104" count="0" type="stmt"/>
      <line num="108" count="2" type="stmt"/>
    </file>
  </project>
</coverage>
