{"X:\\Desktop\\NavigationApp\\scripts\\map_editor\\floorplan.ts": {"path":"X:\\Desktop\\NavigationApp\\scripts\\map_editor\\floorplan.ts","statementMap":{"0":{"start":{"line":4,"column":14},"end":{"line":4,"column":32}},"1":{"start":{"line":7,"column":39},"end":{"line":7,"column":48}},"2":{"start":{"line":8,"column":13},"end":{"line":8,"column":24}},"3":{"start":{"line":9,"column":19},"end":{"line":9,"column":26}},"4":{"start":{"line":10,"column":24},"end":{"line":10,"column":28}},"5":{"start":{"line":13,"column":8},"end":{"line":13,"column":25}},"6":{"start":{"line":14,"column":8},"end":{"line":19,"column":9}},"7":{"start":{"line":15,"column":12},"end":{"line":15,"column":35}},"8":{"start":{"line":18,"column":12},"end":{"line":18,"column":65}},"9":{"start":{"line":23,"column":8},"end":{"line":23,"column":27}},"10":{"start":{"line":27,"column":8},"end":{"line":27,"column":27}},"11":{"start":{"line":31,"column":23},"end":{"line":31,"column":41}},"12":{"start":{"line":32,"column":34},"end":{"line":38,"column":9}},"13":{"start":{"line":40,"column":8},"end":{"line":40,"column":38}},"14":{"start":{"line":41,"column":8},"end":{"line":43,"column":9}},"15":{"start":{"line":42,"column":12},"end":{"line":42,"column":46}},"16":{"start":{"line":47,"column":8},"end":{"line":49,"column":9}},"17":{"start":{"line":48,"column":12},"end":{"line":48,"column":46}},"18":{"start":{"line":53,"column":8},"end":{"line":55,"column":9}},"19":{"start":{"line":54,"column":12},"end":{"line":54,"column":47}},"20":{"start":{"line":56,"column":8},"end":{"line":56,"column":35}},"21":{"start":{"line":60,"column":8},"end":{"line":62,"column":9}},"22":{"start":{"line":61,"column":12},"end":{"line":61,"column":51}},"23":{"start":{"line":66,"column":17},"end":{"line":66,"column":70}},"24":{"start":{"line":67,"column":8},"end":{"line":69,"column":9}},"25":{"start":{"line":68,"column":12},"end":{"line":68,"column":71}},"26":{"start":{"line":70,"column":8},"end":{"line":70,"column":18}},"27":{"start":{"line":74,"column":19},"end":{"line":74,"column":42}},"28":{"start":{"line":75,"column":8},"end":{"line":75,"column":30}},"29":{"start":{"line":75,"column":21},"end":{"line":75,"column":28}},"30":{"start":{"line":76,"column":8},"end":{"line":76,"column":25}},"31":{"start":{"line":80,"column":19},"end":{"line":80,"column":42}},"32":{"start":{"line":81,"column":8},"end":{"line":81,"column":30}},"33":{"start":{"line":81,"column":21},"end":{"line":81,"column":28}},"34":{"start":{"line":82,"column":8},"end":{"line":82,"column":23}},"35":{"start":{"line":86,"column":19},"end":{"line":86,"column":42}},"36":{"start":{"line":87,"column":8},"end":{"line":87,"column":30}},"37":{"start":{"line":87,"column":21},"end":{"line":87,"column":28}},"38":{"start":{"line":88,"column":8},"end":{"line":88,"column":39}},"39":{"start":{"line":92,"column":8},"end":{"line":92,"column":52}},"40":{"start":{"line":96,"column":8},"end":{"line":101,"column":11}},"41":{"start":{"line":105,"column":44},"end":{"line":105,"column":68}},"42":{"start":{"line":106,"column":8},"end":{"line":106,"column":41}},"43":{"start":{"line":107,"column":8},"end":{"line":107,"column":47}},"44":{"start":{"line":108,"column":8},"end":{"line":108,"column":52}},"45":{"start":{"line":112,"column":0},"end":{"line":112,"column":27}}},"fnMap":{"0":{"name":"(anonymous_0)","decl":{"start":{"line":12,"column":4},"end":{"line":12,"column":5}},"loc":{"start":{"line":12,"column":51},"end":{"line":20,"column":5}},"line":12},"1":{"name":"(anonymous_1)","decl":{"start":{"line":22,"column":4},"end":{"line":22,"column":5}},"loc":{"start":{"line":22,"column":42},"end":{"line":24,"column":5}},"line":22},"2":{"name":"(anonymous_2)","decl":{"start":{"line":26,"column":4},"end":{"line":26,"column":5}},"loc":{"start":{"line":26,"column":16},"end":{"line":28,"column":5}},"line":26},"3":{"name":"(anonymous_3)","decl":{"start":{"line":30,"column":4},"end":{"line":30,"column":5}},"loc":{"start":{"line":30,"column":78},"end":{"line":44,"column":5}},"line":30},"4":{"name":"(anonymous_4)","decl":{"start":{"line":46,"column":4},"end":{"line":46,"column":5}},"loc":{"start":{"line":46,"column":64},"end":{"line":50,"column":5}},"line":46},"5":{"name":"(anonymous_5)","decl":{"start":{"line":52,"column":4},"end":{"line":52,"column":5}},"loc":{"start":{"line":52,"column":31},"end":{"line":57,"column":5}},"line":52},"6":{"name":"(anonymous_6)","decl":{"start":{"line":59,"column":4},"end":{"line":59,"column":5}},"loc":{"start":{"line":59,"column":49},"end":{"line":63,"column":5}},"line":59},"7":{"name":"(anonymous_7)","decl":{"start":{"line":73,"column":4},"end":{"line":73,"column":5}},"loc":{"start":{"line":73,"column":45},"end":{"line":77,"column":5}},"line":73},"8":{"name":"(anonymous_8)","decl":{"start":{"line":79,"column":4},"end":{"line":79,"column":5}},"loc":{"start":{"line":79,"column":56},"end":{"line":83,"column":5}},"line":79},"9":{"name":"(anonymous_9)","decl":{"start":{"line":85,"column":4},"end":{"line":85,"column":5}},"loc":{"start":{"line":85,"column":60},"end":{"line":89,"column":5}},"line":85},"10":{"name":"(anonymous_10)","decl":{"start":{"line":91,"column":4},"end":{"line":91,"column":5}},"loc":{"start":{"line":91,"column":48},"end":{"line":93,"column":5}},"line":91},"11":{"name":"(anonymous_11)","decl":{"start":{"line":95,"column":4},"end":{"line":95,"column":5}},"loc":{"start":{"line":95,"column":16},"end":{"line":102,"column":5}},"line":95},"12":{"name":"(anonymous_12)","decl":{"start":{"line":104,"column":4},"end":{"line":104,"column":5}},"loc":{"start":{"line":104,"column":33},"end":{"line":109,"column":5}},"line":104}},"branchMap":{"0":{"loc":{"start":{"line":14,"column":8},"end":{"line":19,"column":9}},"type":"if","locations":[{"start":{"line":14,"column":8},"end":{"line":19,"column":9}},{"start":{"line":17,"column":13},"end":{"line":19,"column":9}}],"line":14},"1":{"loc":{"start":{"line":30,"column":46},"end":{"line":30,"column":58}},"type":"default-arg","locations":[{"start":{"line":30,"column":52},"end":{"line":30,"column":58}}],"line":30},"2":{"loc":{"start":{"line":30,"column":60},"end":{"line":30,"column":76}},"type":"default-arg","locations":[{"start":{"line":30,"column":74},"end":{"line":30,"column":76}}],"line":30},"3":{"loc":{"start":{"line":41,"column":8},"end":{"line":43,"column":9}},"type":"if","locations":[{"start":{"line":41,"column":8},"end":{"line":43,"column":9}},{"start":{},"end":{}}],"line":41},"4":{"loc":{"start":{"line":47,"column":8},"end":{"line":49,"column":9}},"type":"if","locations":[{"start":{"line":47,"column":8},"end":{"line":49,"column":9}},{"start":{},"end":{}}],"line":47},"5":{"loc":{"start":{"line":53,"column":8},"end":{"line":55,"column":9}},"type":"if","locations":[{"start":{"line":53,"column":8},"end":{"line":55,"column":9}},{"start":{},"end":{}}],"line":53},"6":{"loc":{"start":{"line":60,"column":8},"end":{"line":62,"column":9}},"type":"if","locations":[{"start":{"line":60,"column":8},"end":{"line":62,"column":9}},{"start":{},"end":{}}],"line":60},"7":{"loc":{"start":{"line":75,"column":8},"end":{"line":75,"column":30}},"type":"if","locations":[{"start":{"line":75,"column":8},"end":{"line":75,"column":30}},{"start":{},"end":{}}],"line":75},"8":{"loc":{"start":{"line":79,"column":34},"end":{"line":79,"column":54}},"type":"default-arg","locations":[{"start":{"line":79,"column":48},"end":{"line":79,"column":54}}],"line":79},"9":{"loc":{"start":{"line":81,"column":8},"end":{"line":81,"column":30}},"type":"if","locations":[{"start":{"line":81,"column":8},"end":{"line":81,"column":30}},{"start":{},"end":{}}],"line":81},"10":{"loc":{"start":{"line":85,"column":42},"end":{"line":85,"column":58}},"type":"default-arg","locations":[{"start":{"line":85,"column":56},"end":{"line":85,"column":58}}],"line":85},"11":{"loc":{"start":{"line":87,"column":8},"end":{"line":87,"column":30}},"type":"if","locations":[{"start":{"line":87,"column":8},"end":{"line":87,"column":30}},{"start":{},"end":{}}],"line":87}},"s":{"0":1,"1":4,"2":4,"3":4,"4":4,"5":4,"6":4,"7":0,"8":4,"9":8,"10":1,"11":28,"12":28,"13":28,"14":28,"15":0,"16":32,"17":0,"18":1,"19":0,"20":1,"21":2,"22":0,"23":28,"24":28,"25":0,"26":28,"27":0,"28":0,"29":0,"30":0,"31":0,"32":0,"33":0,"34":0,"35":0,"36":0,"37":0,"38":0,"39":14,"40":0,"41":0,"42":0,"43":0,"44":0,"45":1},"f":{"0":4,"1":8,"2":1,"3":28,"4":32,"5":1,"6":2,"7":0,"8":0,"9":0,"10":14,"11":0,"12":0},"b":{"0":[0,4],"1":[28],"2":[28],"3":[0,28],"4":[0,32],"5":[0,1],"6":[0,2],"7":[0,0],"8":[0],"9":[0,0],"10":[0],"11":[0,0]},"_coverageSchema":"1a1c01bbd47fc00a2c39e90264f33305004495a9","hash":"ea49e93b3d396e3b6edac390714400c06360a53e"}
,"X:\\Desktop\\NavigationApp\\scripts\\map_editor\\graph.js": {"path":"X:\\Desktop\\NavigationApp\\scripts\\map_editor\\graph.js","statementMap":{"0":{"start":{"line":6,"column":8},"end":{"line":12,"column":9}},"1":{"start":{"line":7,"column":12},"end":{"line":7,"column":35}},"2":{"start":{"line":10,"column":12},"end":{"line":10,"column":37}},"3":{"start":{"line":11,"column":12},"end":{"line":11,"column":38}},"4":{"start":{"line":17,"column":8},"end":{"line":17,"column":52}},"5":{"start":{"line":21,"column":8},"end":{"line":21,"column":48}},"6":{"start":{"line":21,"column":34},"end":{"line":21,"column":46}},"7":{"start":{"line":22,"column":8},"end":{"line":22,"column":39}},"8":{"start":{"line":23,"column":8},"end":{"line":23,"column":20}},"9":{"start":{"line":27,"column":8},"end":{"line":27,"column":75}},"10":{"start":{"line":27,"column":60},"end":{"line":27,"column":73}},"11":{"start":{"line":28,"column":8},"end":{"line":28,"column":65}},"12":{"start":{"line":29,"column":8},"end":{"line":30,"column":69}},"13":{"start":{"line":30,"column":12},"end":{"line":30,"column":69}},"14":{"start":{"line":31,"column":8},"end":{"line":31,"column":20}},"15":{"start":{"line":35,"column":8},"end":{"line":35,"column":93}},"16":{"start":{"line":35,"column":76},"end":{"line":35,"column":91}},"17":{"start":{"line":36,"column":8},"end":{"line":37,"column":97}},"18":{"start":{"line":37,"column":12},"end":{"line":37,"column":97}},"19":{"start":{"line":37,"column":80},"end":{"line":37,"column":95}},"20":{"start":{"line":38,"column":8},"end":{"line":38,"column":20}},"21":{"start":{"line":42,"column":8},"end":{"line":42,"column":50}},"22":{"start":{"line":42,"column":35},"end":{"line":42,"column":48}},"23":{"start":{"line":43,"column":8},"end":{"line":47,"column":9}},"24":{"start":{"line":44,"column":12},"end":{"line":46,"column":15}},"25":{"start":{"line":45,"column":16},"end":{"line":45,"column":49}},"26":{"start":{"line":48,"column":8},"end":{"line":48,"column":41}},"27":{"start":{"line":49,"column":8},"end":{"line":49,"column":20}},"28":{"start":{"line":53,"column":8},"end":{"line":53,"column":42}},"29":{"start":{"line":57,"column":8},"end":{"line":57,"column":69}},"30":{"start":{"line":57,"column":52},"end":{"line":57,"column":67}},"31":{"start":{"line":61,"column":8},"end":{"line":61,"column":70}},"32":{"start":{"line":61,"column":58},"end":{"line":61,"column":68}},"33":{"start":{"line":62,"column":22},"end":{"line":62,"column":24}},"34":{"start":{"line":63,"column":16},"end":{"line":63,"column":18}},"35":{"start":{"line":64,"column":8},"end":{"line":64,"column":30}},"36":{"start":{"line":65,"column":8},"end":{"line":65,"column":24}},"37":{"start":{"line":66,"column":8},"end":{"line":78,"column":9}},"38":{"start":{"line":67,"column":23},"end":{"line":67,"column":32}},"39":{"start":{"line":68,"column":23},"end":{"line":68,"column":44}},"40":{"start":{"line":69,"column":12},"end":{"line":69,"column":45}},"41":{"start":{"line":69,"column":31},"end":{"line":69,"column":43}},"42":{"start":{"line":70,"column":12},"end":{"line":77,"column":14}},"43":{"start":{"line":71,"column":16},"end":{"line":76,"column":17}},"44":{"start":{"line":72,"column":35},"end":{"line":72,"column":44}},"45":{"start":{"line":73,"column":20},"end":{"line":73,"column":49}},"46":{"start":{"line":74,"column":20},"end":{"line":74,"column":37}},"47":{"start":{"line":75,"column":20},"end":{"line":75,"column":50}},"48":{"start":{"line":79,"column":8},"end":{"line":79,"column":18}},"49":{"start":{"line":83,"column":8},"end":{"line":83,"column":73}},"50":{"start":{"line":83,"column":58},"end":{"line":83,"column":71}},"51":{"start":{"line":84,"column":22},"end":{"line":84,"column":24}},"52":{"start":{"line":85,"column":21},"end":{"line":85,"column":25}},"53":{"start":{"line":87,"column":12},"end":{"line":87,"column":45}},"54":{"start":{"line":87,"column":31},"end":{"line":87,"column":43}},"55":{"start":{"line":88,"column":12},"end":{"line":88,"column":33}},"56":{"start":{"line":89,"column":12},"end":{"line":91,"column":13}},"57":{"start":{"line":90,"column":16},"end":{"line":90,"column":89}},"58":{"start":{"line":90,"column":75},"end":{"line":90,"column":87}},"59":{"start":{"line":92,"column":12},"end":{"line":92,"column":25}},"60":{"start":{"line":94,"column":8},"end":{"line":94,"column":32}},"61":{"start":{"line":98,"column":8},"end":{"line":98,"column":100}},"62":{"start":{"line":102,"column":8},"end":{"line":102,"column":32}},"63":{"start":{"line":103,"column":8},"end":{"line":103,"column":53}},"64":{"start":{"line":104,"column":8},"end":{"line":104,"column":43}},"65":{"start":{"line":108,"column":0},"end":{"line":108,"column":23}}},"fnMap":{"0":{"name":"(anonymous_0)","decl":{"start":{"line":5,"column":4},"end":{"line":5,"column":5}},"loc":{"start":{"line":5,"column":46},"end":{"line":13,"column":5}},"line":5},"1":{"name":"(anonymous_1)","decl":{"start":{"line":15,"column":4},"end":{"line":15,"column":5}},"loc":{"start":{"line":15,"column":24},"end":{"line":18,"column":5}},"line":15},"2":{"name":"(anonymous_2)","decl":{"start":{"line":20,"column":4},"end":{"line":20,"column":5}},"loc":{"start":{"line":20,"column":18},"end":{"line":24,"column":5}},"line":20},"3":{"name":"(anonymous_3)","decl":{"start":{"line":26,"column":4},"end":{"line":26,"column":5}},"loc":{"start":{"line":26,"column":34},"end":{"line":32,"column":5}},"line":26},"4":{"name":"(anonymous_4)","decl":{"start":{"line":34,"column":4},"end":{"line":34,"column":5}},"loc":{"start":{"line":34,"column":29},"end":{"line":39,"column":5}},"line":34},"5":{"name":"(anonymous_5)","decl":{"start":{"line":35,"column":71},"end":{"line":35,"column":72}},"loc":{"start":{"line":35,"column":76},"end":{"line":35,"column":91}},"line":35},"6":{"name":"(anonymous_6)","decl":{"start":{"line":37,"column":75},"end":{"line":37,"column":76}},"loc":{"start":{"line":37,"column":80},"end":{"line":37,"column":95}},"line":37},"7":{"name":"(anonymous_7)","decl":{"start":{"line":41,"column":4},"end":{"line":41,"column":5}},"loc":{"start":{"line":41,"column":21},"end":{"line":50,"column":5}},"line":41},"8":{"name":"(anonymous_8)","decl":{"start":{"line":44,"column":46},"end":{"line":44,"column":47}},"loc":{"start":{"line":44,"column":54},"end":{"line":46,"column":13}},"line":44},"9":{"name":"(anonymous_9)","decl":{"start":{"line":52,"column":4},"end":{"line":52,"column":5}},"loc":{"start":{"line":52,"column":18},"end":{"line":54,"column":5}},"line":52},"10":{"name":"(anonymous_10)","decl":{"start":{"line":56,"column":4},"end":{"line":56,"column":5}},"loc":{"start":{"line":56,"column":26},"end":{"line":58,"column":5}},"line":56},"11":{"name":"(anonymous_11)","decl":{"start":{"line":57,"column":47},"end":{"line":57,"column":48}},"loc":{"start":{"line":57,"column":52},"end":{"line":57,"column":67}},"line":57},"12":{"name":"(anonymous_12)","decl":{"start":{"line":60,"column":4},"end":{"line":60,"column":5}},"loc":{"start":{"line":60,"column":24},"end":{"line":80,"column":5}},"line":60},"13":{"name":"(anonymous_13)","decl":{"start":{"line":70,"column":46},"end":{"line":70,"column":47}},"loc":{"start":{"line":70,"column":58},"end":{"line":77,"column":13}},"line":70},"14":{"name":"(anonymous_14)","decl":{"start":{"line":82,"column":4},"end":{"line":82,"column":5}},"loc":{"start":{"line":82,"column":24},"end":{"line":95,"column":5}},"line":82},"15":{"name":"dfsHelper","decl":{"start":{"line":86,"column":17},"end":{"line":86,"column":26}},"loc":{"start":{"line":86,"column":33},"end":{"line":93,"column":9}},"line":86},"16":{"name":"(anonymous_16)","decl":{"start":{"line":97,"column":4},"end":{"line":97,"column":5}},"loc":{"start":{"line":97,"column":16},"end":{"line":99,"column":5}},"line":97},"17":{"name":"(anonymous_17)","decl":{"start":{"line":101,"column":4},"end":{"line":101,"column":5}},"loc":{"start":{"line":101,"column":22},"end":{"line":105,"column":5}},"line":101}},"branchMap":{"0":{"loc":{"start":{"line":5,"column":16},"end":{"line":5,"column":27}},"type":"default-arg","locations":[{"start":{"line":5,"column":23},"end":{"line":5,"column":27}}],"line":5},"1":{"loc":{"start":{"line":5,"column":29},"end":{"line":5,"column":44}},"type":"default-arg","locations":[{"start":{"line":5,"column":40},"end":{"line":5,"column":44}}],"line":5},"2":{"loc":{"start":{"line":6,"column":8},"end":{"line":12,"column":9}},"type":"if","locations":[{"start":{"line":6,"column":8},"end":{"line":12,"column":9}},{"start":{"line":9,"column":13},"end":{"line":12,"column":9}}],"line":6},"3":{"loc":{"start":{"line":21,"column":8},"end":{"line":21,"column":48}},"type":"if","locations":[{"start":{"line":21,"column":8},"end":{"line":21,"column":48}},{"start":{},"end":{}}],"line":21},"4":{"loc":{"start":{"line":27,"column":8},"end":{"line":27,"column":75}},"type":"if","locations":[{"start":{"line":27,"column":8},"end":{"line":27,"column":75}},{"start":{},"end":{}}],"line":27},"5":{"loc":{"start":{"line":27,"column":12},"end":{"line":27,"column":56}},"type":"binary-expr","locations":[{"start":{"line":27,"column":12},"end":{"line":27,"column":32}},{"start":{"line":27,"column":36},"end":{"line":27,"column":56}}],"line":27},"6":{"loc":{"start":{"line":29,"column":8},"end":{"line":30,"column":69}},"type":"if","locations":[{"start":{"line":29,"column":8},"end":{"line":30,"column":69}},{"start":{},"end":{}}],"line":29},"7":{"loc":{"start":{"line":36,"column":8},"end":{"line":37,"column":97}},"type":"if","locations":[{"start":{"line":36,"column":8},"end":{"line":37,"column":97}},{"start":{},"end":{}}],"line":36},"8":{"loc":{"start":{"line":42,"column":8},"end":{"line":42,"column":50}},"type":"if","locations":[{"start":{"line":42,"column":8},"end":{"line":42,"column":50}},{"start":{},"end":{}}],"line":42},"9":{"loc":{"start":{"line":43,"column":8},"end":{"line":47,"column":9}},"type":"if","locations":[{"start":{"line":43,"column":8},"end":{"line":47,"column":9}},{"start":{},"end":{}}],"line":43},"10":{"loc":{"start":{"line":61,"column":8},"end":{"line":61,"column":70}},"type":"if","locations":[{"start":{"line":61,"column":8},"end":{"line":61,"column":70}},{"start":{},"end":{}}],"line":61},"11":{"loc":{"start":{"line":61,"column":12},"end":{"line":61,"column":54}},"type":"binary-expr","locations":[{"start":{"line":61,"column":12},"end":{"line":61,"column":32}},{"start":{"line":61,"column":36},"end":{"line":61,"column":54}}],"line":61},"12":{"loc":{"start":{"line":69,"column":12},"end":{"line":69,"column":45}},"type":"if","locations":[{"start":{"line":69,"column":12},"end":{"line":69,"column":45}},{"start":{},"end":{}}],"line":69},"13":{"loc":{"start":{"line":71,"column":16},"end":{"line":76,"column":17}},"type":"if","locations":[{"start":{"line":71,"column":16},"end":{"line":76,"column":17}},{"start":{},"end":{}}],"line":71},"14":{"loc":{"start":{"line":83,"column":8},"end":{"line":83,"column":73}},"type":"if","locations":[{"start":{"line":83,"column":8},"end":{"line":83,"column":73}},{"start":{},"end":{}}],"line":83},"15":{"loc":{"start":{"line":83,"column":12},"end":{"line":83,"column":54}},"type":"binary-expr","locations":[{"start":{"line":83,"column":12},"end":{"line":83,"column":32}},{"start":{"line":83,"column":36},"end":{"line":83,"column":54}}],"line":83},"16":{"loc":{"start":{"line":87,"column":12},"end":{"line":87,"column":45}},"type":"if","locations":[{"start":{"line":87,"column":12},"end":{"line":87,"column":45}},{"start":{},"end":{}}],"line":87},"17":{"loc":{"start":{"line":90,"column":16},"end":{"line":90,"column":89}},"type":"if","locations":[{"start":{"line":90,"column":16},"end":{"line":90,"column":89}},{"start":{},"end":{}}],"line":90},"18":{"loc":{"start":{"line":90,"column":20},"end":{"line":90,"column":71}},"type":"binary-expr","locations":[{"start":{"line":90,"column":20},"end":{"line":90,"column":43}},{"start":{"line":90,"column":47},"end":{"line":90,"column":71}}],"line":90}},"s":{"0":14,"1":0,"2":14,"3":14,"4":31,"5":93,"6":0,"7":93,"8":93,"9":104,"10":0,"11":104,"12":104,"13":104,"14":104,"15":8,"16":16,"17":8,"18":8,"19":24,"20":8,"21":2,"22":0,"23":2,"24":2,"25":4,"26":2,"27":2,"28":318,"29":17,"30":30,"31":3,"32":0,"33":3,"34":3,"35":3,"36":3,"37":3,"38":14,"39":14,"40":14,"41":2,"42":12,"43":31,"44":14,"45":14,"46":14,"47":14,"48":1,"49":3,"50":0,"51":3,"52":3,"53":15,"54":2,"55":13,"56":13,"57":28,"58":7,"59":6,"60":3,"61":0,"62":0,"63":0,"64":0,"65":2},"f":{"0":14,"1":31,"2":93,"3":104,"4":8,"5":16,"6":24,"7":2,"8":4,"9":318,"10":17,"11":30,"12":3,"13":31,"14":3,"15":15,"16":0,"17":0},"b":{"0":[14],"1":[14],"2":[0,14],"3":[0,93],"4":[0,104],"5":[104,104],"6":[104,0],"7":[8,0],"8":[0,2],"9":[2,0],"10":[0,3],"11":[3,3],"12":[2,12],"13":[14,17],"14":[0,3],"15":[3,3],"16":[2,13],"17":[7,21],"18":[28,12]},"_coverageSchema":"1a1c01bbd47fc00a2c39e90264f33305004495a9","hash":"9eded9078ff1f9a021ee8ecee83bb7b1b664a465"}
}
