TN:
SF:scripts\map_editor\floorplan.ts
FN:12,(anonymous_0)
FN:22,(anonymous_1)
FN:26,(anonymous_2)
FN:30,(anonymous_3)
FN:46,(anonymous_4)
FN:52,(anonymous_5)
FN:59,(anonymous_6)
FN:73,(anonymous_7)
FN:79,(anonymous_8)
FN:85,(anonymous_9)
FN:91,(anonymous_10)
FN:95,(anonymous_11)
FN:104,(anonymous_12)
FNF:13
FNH:8
FNDA:4,(anonymous_0)
FNDA:8,(anonymous_1)
FNDA:1,(anonymous_2)
FNDA:28,(anonymous_3)
FNDA:32,(anonymous_4)
FNDA:1,(anonymous_5)
FNDA:2,(anonymous_6)
FNDA:0,(anonymous_7)
FNDA:0,(anonymous_8)
FNDA:0,(anonymous_9)
FNDA:14,(anonymous_10)
FNDA:0,(anonymous_11)
FNDA:0,(anonymous_12)
DA:4,1
DA:7,4
DA:8,4
DA:9,4
DA:10,4
DA:13,4
DA:14,4
DA:15,0
DA:18,4
DA:23,8
DA:27,1
DA:31,28
DA:32,28
DA:40,28
DA:41,28
DA:42,0
DA:47,32
DA:48,0
DA:53,1
DA:54,0
DA:56,1
DA:60,2
DA:61,0
DA:66,28
DA:67,28
DA:68,0
DA:70,28
DA:74,0
DA:75,0
DA:76,0
DA:80,0
DA:81,0
DA:82,0
DA:86,0
DA:87,0
DA:88,0
DA:92,14
DA:96,0
DA:105,0
DA:106,0
DA:107,0
DA:108,0
DA:112,1
LF:43
LH:23
BRDA:14,0,0,0
BRDA:14,0,1,4
BRDA:30,1,0,28
BRDA:30,2,0,28
BRDA:41,3,0,0
BRDA:41,3,1,28
BRDA:47,4,0,0
BRDA:47,4,1,32
BRDA:53,5,0,0
BRDA:53,5,1,1
BRDA:60,6,0,0
BRDA:60,6,1,2
BRDA:75,7,0,0
BRDA:75,7,1,0
BRDA:79,8,0,0
BRDA:81,9,0,0
BRDA:81,9,1,0
BRDA:85,10,0,0
BRDA:87,11,0,0
BRDA:87,11,1,0
BRF:20
BRH:7
end_of_record
TN:
SF:scripts\map_editor\graph.js
FN:5,(anonymous_0)
FN:15,(anonymous_1)
FN:20,(anonymous_2)
FN:26,(anonymous_3)
FN:34,(anonymous_4)
FN:35,(anonymous_5)
FN:37,(anonymous_6)
FN:41,(anonymous_7)
FN:44,(anonymous_8)
FN:52,(anonymous_9)
FN:56,(anonymous_10)
FN:57,(anonymous_11)
FN:60,(anonymous_12)
FN:70,(anonymous_13)
FN:82,(anonymous_14)
FN:86,dfsHelper
FN:97,(anonymous_16)
FN:101,(anonymous_17)
FNF:18
FNH:16
FNDA:14,(anonymous_0)
FNDA:31,(anonymous_1)
FNDA:93,(anonymous_2)
FNDA:104,(anonymous_3)
FNDA:8,(anonymous_4)
FNDA:16,(anonymous_5)
FNDA:24,(anonymous_6)
FNDA:2,(anonymous_7)
FNDA:4,(anonymous_8)
FNDA:318,(anonymous_9)
FNDA:17,(anonymous_10)
FNDA:30,(anonymous_11)
FNDA:3,(anonymous_12)
FNDA:31,(anonymous_13)
FNDA:3,(anonymous_14)
FNDA:15,dfsHelper
FNDA:0,(anonymous_16)
FNDA:0,(anonymous_17)
DA:6,14
DA:7,0
DA:10,14
DA:11,14
DA:17,31
DA:21,93
DA:22,93
DA:23,93
DA:27,104
DA:28,104
DA:29,104
DA:30,104
DA:31,104
DA:35,16
DA:36,8
DA:37,24
DA:38,8
DA:42,2
DA:43,2
DA:44,2
DA:45,4
DA:48,2
DA:49,2
DA:53,318
DA:57,30
DA:61,3
DA:62,3
DA:63,3
DA:64,3
DA:65,3
DA:66,3
DA:67,14
DA:68,14
DA:69,14
DA:70,12
DA:71,31
DA:72,14
DA:73,14
DA:74,14
DA:75,14
DA:79,1
DA:83,3
DA:84,3
DA:85,3
DA:87,15
DA:88,13
DA:89,13
DA:90,28
DA:92,6
DA:94,3
DA:98,0
DA:102,0
DA:103,0
DA:104,0
DA:108,2
LF:55
LH:50
BRDA:5,0,0,14
BRDA:5,1,0,14
BRDA:6,2,0,0
BRDA:6,2,1,14
BRDA:21,3,0,0
BRDA:21,3,1,93
BRDA:27,4,0,0
BRDA:27,4,1,104
BRDA:27,5,0,104
BRDA:27,5,1,104
BRDA:29,6,0,104
BRDA:29,6,1,0
BRDA:36,7,0,8
BRDA:36,7,1,0
BRDA:42,8,0,0
BRDA:42,8,1,2
BRDA:43,9,0,2
BRDA:43,9,1,0
BRDA:61,10,0,0
BRDA:61,10,1,3
BRDA:61,11,0,3
BRDA:61,11,1,3
BRDA:69,12,0,2
BRDA:69,12,1,12
BRDA:71,13,0,14
BRDA:71,13,1,17
BRDA:83,14,0,0
BRDA:83,14,1,3
BRDA:83,15,0,3
BRDA:83,15,1,3
BRDA:87,16,0,2
BRDA:87,16,1,13
BRDA:90,17,0,7
BRDA:90,17,1,21
BRDA:90,18,0,28
BRDA:90,18,1,12
BRF:36
BRH:27
end_of_record
